This file contains any messages produced by compilers while
running configure, to aid debugging if configure makes a mistake.

It was created by linnya configure 1.9.6, which was
generated by GNU Autoconf 2.68.  Invocation command line was

  $ ./configure --prefix=/usr

## --------- ##
## Platform. ##
## --------- ##

hostname = E
uname -m = i686
uname -r = 3.3.2-6.fc16.i686
uname -s = Linux
uname -v = #1 SMP Sat Apr 21 13:23:12 UTC 2012

/usr/bin/uname -p = unknown
/bin/uname -X     = unknown

/bin/arch              = i686
/usr/bin/arch -k       = unknown
/usr/convex/getsysinfo = unknown
/usr/bin/hostinfo      = unknown
/bin/machine           = unknown
/usr/bin/oslevel       = unknown
/bin/universe          = unknown

PATH: /usr/lib/ccache
PATH: /usr/local/bin
PATH: /usr/bin
PATH: /bin
PATH: /usr/local/sbin
PATH: /usr/sbin
PATH: /sbin
PATH: /home/Edward/.local/bin
PATH: /home/Edward/bin


## ----------- ##
## Core tests. ##
## ----------- ##

configure:2403: checking for a BSD-compatible install
configure:2471: result: /usr/bin/install -c
configure:2482: checking whether build environment is sane
configure:2532: result: yes
configure:2673: checking for a thread-safe mkdir -p
configure:2712: result: /bin/mkdir -p
configure:2725: checking for gawk
configure:2741: found /usr/bin/gawk
configure:2752: result: gawk
configure:2763: checking whether make sets $(MAKE)
configure:2785: result: yes
configure:2921: checking for gcc
configure:2937: found /usr/lib/ccache/gcc
configure:2948: result: gcc
configure:3177: checking for C compiler version
configure:3186: gcc --version >&5
gcc (GCC) 4.6.3 20120306 (Red Hat 4.6.3-2)
Copyright (C) 2011 Free Software Foundation, Inc.
This is free software; see the source for copying conditions.  There is NO
warranty; not even for MERCHANTABILITY or FITNESS FOR A PARTICULAR PURPOSE.

configure:3197: $? = 0
configure:3186: gcc -v >&5
Using built-in specs.
COLLECT_GCC=/usr/bin/gcc
COLLECT_LTO_WRAPPER=/usr/libexec/gcc/i686-redhat-linux/4.6.3/lto-wrapper
Target: i686-redhat-linux
Configured with: ../configure --prefix=/usr --mandir=/usr/share/man --infodir=/usr/share/info --with-bugurl=http://bugzilla.redhat.com/bugzilla --enable-bootstrap --enable-shared --enable-threads=posix --enable-checking=release --with-system-zlib --enable-__cxa_atexit --disable-libunwind-exceptions --enable-gnu-unique-object --enable-linker-build-id --enable-languages=c,c++,objc,obj-c++,java,fortran,ada,go,lto --enable-plugin --enable-java-awt=gtk --disable-dssi --with-java-home=/usr/lib/jvm/java-1.5.0-gcj-1.5.0.0/jre --enable-libgcj-multifile --enable-java-maintainer-mode --with-ecj-jar=/usr/share/java/eclipse-ecj.jar --disable-libjava-multilib --with-ppl --with-cloog --with-tune=generic --with-arch=i686 --build=i686-redhat-linux
Thread model: posix
gcc version 4.6.3 20120306 (Red Hat 4.6.3-2) (GCC) 
configure:3197: $? = 0
configure:3186: gcc -V >&5
gcc: error: unrecognized option '-V'
gcc: fatal error: no input files
compilation terminated.
configure:3197: $? = 4
configure:3186: gcc -qversion >&5
gcc: error: unrecognized option '-qversion'
gcc: fatal error: no input files
compilation terminated.
configure:3197: $? = 4
configure:3217: checking whether the C compiler works
configure:3239: gcc    conftest.c  >&5
configure:3243: $? = 0
configure:3291: result: yes
configure:3294: checking for C compiler default output file name
configure:3296: result: a.out
configure:3302: checking for suffix of executables
configure:3309: gcc -o conftest    conftest.c  >&5
configure:3313: $? = 0
configure:3335: result: 
configure:3357: checking whether we are cross compiling
configure:3365: gcc -o conftest    conftest.c  >&5
configure:3369: $? = 0
configure:3376: ./conftest
configure:3380: $? = 0
configure:3395: result: no
configure:3400: checking for suffix of object files
configure:3422: gcc -c   conftest.c >&5
configure:3426: $? = 0
configure:3447: result: o
configure:3451: checking whether we are using the GNU C compiler
configure:3470: gcc -c   conftest.c >&5
configure:3470: $? = 0
configure:3479: result: yes
configure:3488: checking whether gcc accepts -g
configure:3508: gcc -c -g  conftest.c >&5
configure:3508: $? = 0
configure:3549: result: yes
configure:3566: checking for gcc option to accept ISO C89
configure:3630: gcc  -c -g -O2  conftest.c >&5
configure:3630: $? = 0
configure:3643: result: none needed
configure:3674: checking for style of include used by make
configure:3702: result: GNU
configure:3727: checking dependency style of gcc
configure:3837: result: gcc3
configure:3853: checking for library containing strerror
configure:3884: gcc -o conftest -g -O2   conftest.c  >&5
configure:3884: $? = 0
configure:3901: result: none required
configure:3968: checking for pkg-config
configure:3986: found /usr/bin/pkg-config
configure:3998: result: /usr/bin/pkg-config
configure:4023: checking pkg-config is at least version 0.9.0
configure:4026: result: yes
configure:4036: checking for SQLITE3
configure:4043: $PKG_CONFIG --exists --print-errors "sqlite3"
configure:4046: $? = 0
configure:4059: $PKG_CONFIG --exists --print-errors "sqlite3"
configure:4062: $? = 0
configure:4121: result: yes
configure:4127: checking for GSTREAMER
configure:4134: $PKG_CONFIG --exists --print-errors "gstreamer-0.10 gstreamer-base-0.10"
configure:4137: $? = 0
configure:4150: $PKG_CONFIG --exists --print-errors "gstreamer-0.10 gstreamer-base-0.10"
configure:4153: $? = 0
configure:4212: result: yes
configure:4218: checking for GTK3
configure:4225: $PKG_CONFIG --exists --print-errors "gtk+-3.0 >= 3.0.0, gthread-2.0"
configure:4228: $? = 0
configure:4241: $PKG_CONFIG --exists --print-errors "gtk+-3.0 >= 3.0.0, gthread-2.0"
configure:4244: $? = 0
configure:4303: result: yes
configure:4309: checking for CURL
configure:4316: $PKG_CONFIG --exists --print-errors "libcurl >= 7.0"
configure:4319: $? = 0
configure:4332: $PKG_CONFIG --exists --print-errors "libcurl >= 7.0"
configure:4335: $? = 0
configure:4394: result: yes
configure:4405: checking how to run the C preprocessor
configure:4436: gcc -E  conftest.c
configure:4436: $? = 0
configure:4450: gcc -E  conftest.c
conftest.c:11:28: fatal error: ac_nonexistent.h: No such file or directory
compilation terminated.
configure:4450: $? = 1
configure: failed program was:
| /* confdefs.h */
| #define PACKAGE_NAME "linnya"
| #define PACKAGE_TARNAME "linnya"
| #define PACKAGE_VERSION "1.9.6"
| #define PACKAGE_STRING "linnya 1.9.6"
| #define PACKAGE_BUGREPORT "http://www.linnya.org"
| #define PACKAGE_URL ""
| #define PACKAGE "linnya"
| #define VERSION "1.9.6"
| /* end confdefs.h.  */
| #include <ac_nonexistent.h>
configure:4475: result: gcc -E
configure:4495: gcc -E  conftest.c
configure:4495: $? = 0
configure:4509: gcc -E  conftest.c
conftest.c:11:28: fatal error: ac_nonexistent.h: No such file or directory
compilation terminated.
configure:4509: $? = 1
configure: failed program was:
| /* confdefs.h */
| #define PACKAGE_NAME "linnya"
| #define PACKAGE_TARNAME "linnya"
| #define PACKAGE_VERSION "1.9.6"
| #define PACKAGE_STRING "linnya 1.9.6"
| #define PACKAGE_BUGREPORT "http://www.linnya.org"
| #define PACKAGE_URL ""
| #define PACKAGE "linnya"
| #define VERSION "1.9.6"
| /* end confdefs.h.  */
| #include <ac_nonexistent.h>
configure:4538: checking for grep that handles long lines and -e
configure:4596: result: /bin/grep
configure:4601: checking for egrep
configure:4663: result: /bin/grep -E
configure:4668: checking for ANSI C header files
configure:4688: gcc -c -g -O2 -DINSTALL_PATH=\"${datarootdir}/linnya/\"  conftest.c >&5
<command-line>:0:15: warning: missing terminating " character [enabled by default]
configure:4688: $? = 0
configure:4761: gcc -o conftest -g -O2 -DINSTALL_PATH=\"${datarootdir}/linnya/\"   conftest.c  >&5
<command-line>:0:15: warning: missing terminating " character [enabled by default]
configure:4761: $? = 0
configure:4761: ./conftest
configure:4761: $? = 0
configure:4772: result: yes
configure:4785: checking for sys/types.h
configure:4785: gcc -c -g -O2 -DINSTALL_PATH=\"${datarootdir}/linnya/\"  conftest.c >&5
<command-line>:0:15: warning: missing terminating " character [enabled by default]
configure:4785: $? = 0
configure:4785: result: yes
configure:4785: checking for sys/stat.h
configure:4785: gcc -c -g -O2 -DINSTALL_PATH=\"${datarootdir}/linnya/\"  conftest.c >&5
<command-line>:0:15: warning: missing terminating " character [enabled by default]
configure:4785: $? = 0
configure:4785: result: yes
configure:4785: checking for stdlib.h
configure:4785: gcc -c -g -O2 -DINSTALL_PATH=\"${datarootdir}/linnya/\"  conftest.c >&5
<command-line>:0:15: warning: missing terminating " character [enabled by default]
configure:4785: $? = 0
configure:4785: result: yes
configure:4785: checking for string.h
configure:4785: gcc -c -g -O2 -DINSTALL_PATH=\"${datarootdir}/linnya/\"  conftest.c >&5
<command-line>:0:15: warning: missing terminating " character [enabled by default]
configure:4785: $? = 0
configure:4785: result: yes
configure:4785: checking for memory.h
configure:4785: gcc -c -g -O2 -DINSTALL_PATH=\"${datarootdir}/linnya/\"  conftest.c >&5
<command-line>:0:15: warning: missing terminating " character [enabled by default]
configure:4785: $? = 0
configure:4785: result: yes
configure:4785: checking for strings.h
configure:4785: gcc -c -g -O2 -DINSTALL_PATH=\"${datarootdir}/linnya/\"  conftest.c >&5
<command-line>:0:15: warning: missing terminating " character [enabled by default]
configure:4785: $? = 0
configure:4785: result: yes
configure:4785: checking for inttypes.h
configure:4785: gcc -c -g -O2 -DINSTALL_PATH=\"${datarootdir}/linnya/\"  conftest.c >&5
<command-line>:0:15: warning: missing terminating " character [enabled by default]
configure:4785: $? = 0
configure:4785: result: yes
configure:4785: checking for stdint.h
configure:4785: gcc -c -g -O2 -DINSTALL_PATH=\"${datarootdir}/linnya/\"  conftest.c >&5
<command-line>:0:15: warning: missing terminating " character [enabled by default]
configure:4785: $? = 0
configure:4785: result: yes
configure:4785: checking for unistd.h
configure:4785: gcc -c -g -O2 -DINSTALL_PATH=\"${datarootdir}/linnya/\"  conftest.c >&5
<command-line>:0:15: warning: missing terminating " character [enabled by default]
configure:4785: $? = 0
configure:4785: result: yes
configure:4800: checking libintl.h usability
configure:4800: gcc -c -g -O2 -DINSTALL_PATH=\"${datarootdir}/linnya/\"  conftest.c >&5
<command-line>:0:15: warning: missing terminating " character [enabled by default]
configure:4800: $? = 0
configure:4800: result: yes
configure:4800: checking libintl.h presence
configure:4800: gcc -E  conftest.c
configure:4800: $? = 0
configure:4800: result: yes
configure:4800: checking for libintl.h
configure:4800: result: yes
configure:4800: checking locale.h usability
configure:4800: gcc -c -g -O2 -DINSTALL_PATH=\"${datarootdir}/linnya/\"  conftest.c >&5
<command-line>:0:15: warning: missing terminating " character [enabled by default]
configure:4800: $? = 0
configure:4800: result: yes
configure:4800: checking locale.h presence
configure:4800: gcc -E  conftest.c
configure:4800: $? = 0
configure:4800: result: yes
configure:4800: checking for locale.h
configure:4800: result: yes
configure:4800: checking for stdlib.h
configure:4800: result: yes
configure:4800: checking for string.h
configure:4800: result: yes
configure:4800: checking for unistd.h
configure:4800: result: yes
configure:4814: checking for size_t
configure:4814: gcc -c -g -O2 -DINSTALL_PATH=\"${datarootdir}/linnya/\"  conftest.c >&5
<command-line>:0:15: warning: missing terminating " character [enabled by default]
configure:4814: $? = 0
configure:4814: gcc -c -g -O2 -DINSTALL_PATH=\"${datarootdir}/linnya/\"  conftest.c >&5
<command-line>:0:15: warning: missing terminating " character [enabled by default]
conftest.c: In function 'main':
conftest.c:62:21: error: expected expression before ')' token
configure:4814: $? = 1
configure: failed program was:
| /* confdefs.h */
| #define PACKAGE_NAME "linnya"
| #define PACKAGE_TARNAME "linnya"
| #define PACKAGE_VERSION "1.9.6"
| #define PACKAGE_STRING "linnya 1.9.6"
| #define PACKAGE_BUGREPORT "http://www.linnya.org"
| #define PACKAGE_URL ""
| #define PACKAGE "linnya"
| #define VERSION "1.9.6"
| #define STDC_HEADERS 1
| #define HAVE_SYS_TYPES_H 1
| #define HAVE_SYS_STAT_H 1
| #define HAVE_STDLIB_H 1
| #define HAVE_STRING_H 1
| #define HAVE_MEMORY_H 1
| #define HAVE_STRINGS_H 1
| #define HAVE_INTTYPES_H 1
| #define HAVE_STDINT_H 1
| #define HAVE_UNISTD_H 1
| #define HAVE_LIBINTL_H 1
| #define HAVE_LOCALE_H 1
| #define HAVE_STDLIB_H 1
| #define HAVE_STRING_H 1
| #define HAVE_UNISTD_H 1
| /* end confdefs.h.  */
| #include <stdio.h>
| #ifdef HAVE_SYS_TYPES_H
| # include <sys/types.h>
| #endif
| #ifdef HAVE_SYS_STAT_H
| # include <sys/stat.h>
| #endif
| #ifdef STDC_HEADERS
| # include <stdlib.h>
| # include <stddef.h>
| #else
| # ifdef HAVE_STDLIB_H
| #  include <stdlib.h>
| # endif
| #endif
| #ifdef HAVE_STRING_H
| # if !defined STDC_HEADERS && defined HAVE_MEMORY_H
| #  include <memory.h>
| # endif
| # include <string.h>
| #endif
| #ifdef HAVE_STRINGS_H
| # include <strings.h>
| #endif
| #ifdef HAVE_INTTYPES_H
| # include <inttypes.h>
| #endif
| #ifdef HAVE_STDINT_H
| # include <stdint.h>
| #endif
| #ifdef HAVE_UNISTD_H
| # include <unistd.h>
| #endif
| int
| main ()
| {
| if (sizeof ((size_t)))
| 	    return 0;
|   ;
|   return 0;
| }
configure:4814: result: yes
configure:4827: checking for working alloca.h
configure:4844: gcc -o conftest -g -O2 -DINSTALL_PATH=\"${datarootdir}/linnya/\"   conftest.c  >&5
<command-line>:0:15: warning: missing terminating " character [enabled by default]
configure:4844: $? = 0
configure:4852: result: yes
configure:4860: checking for alloca
configure:4897: gcc -o conftest -g -O2 -DINSTALL_PATH=\"${datarootdir}/linnya/\"   conftest.c  >&5
<command-line>:0:15: warning: missing terminating " character [enabled by default]
configure:4897: $? = 0
configure:4905: result: yes
configure:5016: checking for stdlib.h
configure:5016: result: yes
configure:5026: checking for GNU libc compatible malloc
configure:5050: gcc -o conftest -g -O2 -DINSTALL_PATH=\"${datarootdir}/linnya/\"   conftest.c  >&5
<command-line>:0:15: warning: missing terminating " character [enabled by default]
configure:5050: $? = 0
configure:5050: ./conftest
configure:5050: $? = 0
configure:5060: result: yes
configure:5086: checking whether NLS is requested
configure:5095: result: yes
configure:5136: checking for msgfmt
configure: trying /usr/bin/msgfmt...
0 translated messages.
configure:5168: result: /usr/bin/msgfmt
configure:5177: checking for gmsgfmt
configure:5208: result: /usr/bin/msgfmt
configure:5259: checking for xgettext
configure: trying /usr/bin/xgettext...
/usr/bin/xgettext: warning: file `/dev/null' extension `' is unknown; will try C
configure:5291: result: /usr/bin/xgettext
configure:5337: checking for msgmerge
configure: trying /usr/bin/msgmerge...
configure:5368: result: /usr/bin/msgmerge
configure:5405: checking build system type
configure:5419: result: i686-pc-linux-gnu
configure:5439: checking host system type
configure:5452: result: i686-pc-linux-gnu
configure:5496: checking for ld used by GCC
configure:5560: result: /usr/bin/ld
configure:5567: checking if the linker (/usr/bin/ld) is GNU ld
configure:5580: result: yes
configure:5587: checking for shared library run path origin
configure:5600: result: done
configure:6172: checking for CFPreferencesCopyAppValue
configure:6190: gcc -o conftest -g -O2 -DINSTALL_PATH=\"${datarootdir}/linnya/\"   conftest.c  -Wl,-framework -Wl,CoreFoundation >&5
<command-line>:0:15: warning: missing terminating " character [enabled by default]
conftest.c:30:42: fatal error: CoreFoundation/CFPreferences.h: No such file or directory
compilation terminated.
configure:6190: $? = 1
configure: failed program was:
| /* confdefs.h */
| #define PACKAGE_NAME "linnya"
| #define PACKAGE_TARNAME "linnya"
| #define PACKAGE_VERSION "1.9.6"
| #define PACKAGE_STRING "linnya 1.9.6"
| #define PACKAGE_BUGREPORT "http://www.linnya.org"
| #define PACKAGE_URL ""
| #define PACKAGE "linnya"
| #define VERSION "1.9.6"
| #define STDC_HEADERS 1
| #define HAVE_SYS_TYPES_H 1
| #define HAVE_SYS_STAT_H 1
| #define HAVE_STDLIB_H 1
| #define HAVE_STRING_H 1
| #define HAVE_MEMORY_H 1
| #define HAVE_STRINGS_H 1
| #define HAVE_INTTYPES_H 1
| #define HAVE_STDINT_H 1
| #define HAVE_UNISTD_H 1
| #define HAVE_LIBINTL_H 1
| #define HAVE_LOCALE_H 1
| #define HAVE_STDLIB_H 1
| #define HAVE_STRING_H 1
| #define HAVE_UNISTD_H 1
| #define HAVE_ALLOCA_H 1
| #define HAVE_ALLOCA 1
| #define HAVE_STDLIB_H 1
| #define HAVE_MALLOC 1
| /* end confdefs.h.  */
| #include <CoreFoundation/CFPreferences.h>
| int
| main ()
| {
| CFPreferencesCopyAppValue(NULL, NULL)
|   ;
|   return 0;
| }
configure:6199: result: no
configure:6206: checking for CFLocaleCopyCurrent
configure:6224: gcc -o conftest -g -O2 -DINSTALL_PATH=\"${datarootdir}/linnya/\"   conftest.c  -Wl,-framework -Wl,CoreFoundation >&5
<command-line>:0:15: warning: missing terminating " character [enabled by default]
conftest.c:30:37: fatal error: CoreFoundation/CFLocale.h: No such file or directory
compilation terminated.
configure:6224: $? = 1
configure: failed program was:
| /* confdefs.h */
| #define PACKAGE_NAME "linnya"
| #define PACKAGE_TARNAME "linnya"
| #define PACKAGE_VERSION "1.9.6"
| #define PACKAGE_STRING "linnya 1.9.6"
| #define PACKAGE_BUGREPORT "http://www.linnya.org"
| #define PACKAGE_URL ""
| #define PACKAGE "linnya"
| #define VERSION "1.9.6"
| #define STDC_HEADERS 1
| #define HAVE_SYS_TYPES_H 1
| #define HAVE_SYS_STAT_H 1
| #define HAVE_STDLIB_H 1
| #define HAVE_STRING_H 1
| #define HAVE_MEMORY_H 1
| #define HAVE_STRINGS_H 1
| #define HAVE_INTTYPES_H 1
| #define HAVE_STDINT_H 1
| #define HAVE_UNISTD_H 1
| #define HAVE_LIBINTL_H 1
| #define HAVE_LOCALE_H 1
| #define HAVE_STDLIB_H 1
| #define HAVE_STRING_H 1
| #define HAVE_UNISTD_H 1
| #define HAVE_ALLOCA_H 1
| #define HAVE_ALLOCA 1
| #define HAVE_STDLIB_H 1
| #define HAVE_MALLOC 1
| /* end confdefs.h.  */
| #include <CoreFoundation/CFLocale.h>
| int
| main ()
| {
| CFLocaleCopyCurrent();
|   ;
|   return 0;
| }
configure:6233: result: no
configure:6282: checking for GNU gettext in libc
configure:6302: gcc -o conftest -g -O2 -DINSTALL_PATH=\"${datarootdir}/linnya/\"   conftest.c  >&5
<command-line>:0:15: warning: missing terminating " character [enabled by default]
configure:6302: $? = 0
configure:6311: result: yes
configure:7102: checking whether to use NLS
configure:7104: result: yes
configure:7107: checking where the gettext function comes from
configure:7118: result: libc
configure:7177: checking for struct stat.st_blksize
configure:7177: gcc -c -g -O2 -DINSTALL_PATH=\"${datarootdir}/linnya/\"  conftest.c >&5
<command-line>:0:15: warning: missing terminating " character [enabled by default]
configure:7177: $? = 0
configure:7177: result: yes
configure:7238: checking how to print strings
configure:7265: result: printf
configure:7286: checking for a sed that does not truncate output
configure:7350: result: /bin/sed
configure:7368: checking for fgrep
configure:7430: result: /bin/grep -F
configure:7465: checking for ld used by gcc
configure:7532: result: /usr/bin/ld
configure:7539: checking if the linker (/usr/bin/ld) is GNU ld
configure:7554: result: yes
configure:7566: checking for BSD- or MS-compatible name lister (nm)
configure:7615: result: /usr/bin/nm -B
configure:7745: checking the name lister (/usr/bin/nm -B) interface
configure:7752: gcc -c -g -O2 -DINSTALL_PATH=\"${datarootdir}/linnya/\"  conftest.c >&5
<command-line>:0:15: warning: missing terminating " character [enabled by default]
configure:7755: /usr/bin/nm -B "conftest.o"
configure:7758: output
00000000 B some_variable
configure:7765: result: BSD nm
configure:7768: checking whether ln -s works
configure:7772: result: yes
configure:7780: checking the maximum length of command line arguments
configure:7905: result: 1572864
configure:7922: checking whether the shell understands some XSI constructs
configure:7932: result: yes
configure:7936: checking whether the shell understands "+="
configure:7942: result: yes
configure:7977: checking how to convert i686-pc-linux-gnu file names to i686-pc-linux-gnu format
configure:8017: result: func_convert_file_noop
configure:8024: checking how to convert i686-pc-linux-gnu file names to toolchain format
configure:8044: result: func_convert_file_noop
configure:8051: checking for /usr/bin/ld option to reload object files
configure:8058: result: -r
configure:8132: checking for objdump
configure:8148: found /usr/bin/objdump
configure:8159: result: objdump
configure:8191: checking how to recognize dependent libraries
configure:8393: result: pass_all
configure:8478: checking for dlltool
configure:8508: result: no
configure:8538: checking how to associate runtime and link libraries
configure:8565: result: printf %s\n
configure:8625: checking for ar
configure:8641: found /usr/bin/ar
configure:8652: result: ar
configure:8689: checking for archiver @FILE support
configure:8706: gcc -c -g -O2 -DINSTALL_PATH=\"${datarootdir}/linnya/\"  conftest.c >&5
<command-line>:0:15: warning: missing terminating " character [enabled by default]
configure:8706: $? = 0
configure:8709: ar cru libconftest.a @conftest.lst >&5
configure:8712: $? = 0
configure:8717: ar cru libconftest.a @conftest.lst >&5
ar: conftest.o: No such file or directory
configure:8720: $? = 1
configure:8732: result: @
configure:8790: checking for strip
configure:8806: found /usr/bin/strip
configure:8817: result: strip
configure:8889: checking for ranlib
configure:8905: found /usr/bin/ranlib
configure:8916: result: ranlib
configure:9018: checking command to parse /usr/bin/nm -B output from gcc object
configure:9137: gcc -c -g -O2 -DINSTALL_PATH=\"${datarootdir}/linnya/\"  conftest.c >&5
<command-line>:0:15: warning: missing terminating " character [enabled by default]
configure:9140: $? = 0
configure:9144: /usr/bin/nm -B conftest.o \| sed -n -e 's/^.*[ ]\([ABCDGIRSTW][ABCDGIRSTW]*\)[ ][ ]*\([_A-Za-z][_A-Za-z0-9]*\)$/\1 \2 \2/p' | sed '/ __gnu_lto/d' \> conftest.nm
configure:9147: $? = 0
configure:9213: gcc -o conftest -g -O2 -DINSTALL_PATH=\"${datarootdir}/linnya/\"   conftest.c conftstm.o >&5
<command-line>:0:15: warning: missing terminating " character [enabled by default]
configure:9216: $? = 0
configure:9254: result: ok
configure:9291: checking for sysroot
configure:9321: result: no
configure:9564: checking for mt
configure:9594: result: no
configure:9614: checking if : is a manifest tool
configure:9620: : '-?'
configure:9628: result: no
configure:10257: checking for dlfcn.h
configure:10257: gcc -c -g -O2 -DINSTALL_PATH=\"${datarootdir}/linnya/\"  conftest.c >&5
<command-line>:0:15: warning: missing terminating " character [enabled by default]
configure:10257: $? = 0
configure:10257: result: yes
configure:10444: checking for objdir
configure:10459: result: .libs
configure:10726: checking if gcc supports -fno-rtti -fno-exceptions
configure:10744: gcc -c -g -O2 -DINSTALL_PATH=\"${datarootdir}/linnya/\"  -fno-rtti -fno-exceptions conftest.c >&5
cc1: warning: command line option '-fno-rtti' is valid for C++/ObjC++ but not for C [enabled by default]
<command-line>:0:15: warning: missing terminating " character [enabled by default]
cc1: warning: command line option '-fno-rtti' is valid for C++/ObjC++ but not for C [enabled by default]
configure:10748: $? = 0
configure:10761: result: no
configure:11071: checking for gcc option to produce PIC
configure:11078: result: -fPIC -DPIC
configure:11086: checking if gcc PIC flag -fPIC -DPIC works
configure:11104: gcc -c -g -O2 -DINSTALL_PATH=\"${datarootdir}/linnya/\"  -fPIC -DPIC -DPIC conftest.c >&5
<command-line>:0:15: warning: missing terminating " character [enabled by default]
configure:11108: $? = 0
configure:11121: result: yes
configure:11150: checking if gcc static flag -static works
configure:11178: result: no
configure:11193: checking if gcc supports -c -o file.o
configure:11214: gcc -c -g -O2 -DINSTALL_PATH=\"${datarootdir}/linnya/\"  -o out/conftest2.o conftest.c >&5
<command-line>:0:15: warning: missing terminating " character [enabled by default]
configure:11218: $? = 0
configure:11240: result: yes
configure:11248: checking if gcc supports -c -o file.o
configure:11295: result: yes
configure:11328: checking whether the gcc linker (/usr/bin/ld) supports shared libraries
configure:12486: result: yes
configure:12523: checking whether -lc should be explicitly linked in
configure:12531: gcc -c -g -O2 -DINSTALL_PATH=\"${datarootdir}/linnya/\"  conftest.c >&5
<command-line>:0:15: warning: missing terminating " character [enabled by default]
configure:12534: $? = 0
configure:12549: gcc -shared  -fPIC -DPIC conftest.o  -v -Wl,-soname -Wl,conftest -o conftest 2\>\&1 \| /bin/grep  -lc  \>/dev/null 2\>\&1
configure:12552: $? = 0
configure:12566: result: no
configure:12731: checking dynamic linker characteristics
configure:13245: gcc -o conftest -g -O2 -DINSTALL_PATH=\"${datarootdir}/linnya/\"   -Wl,-rpath -Wl,/foo conftest.c  >&5
<command-line>:0:15: warning: missing terminating " character [enabled by default]
configure:13245: $? = 0
configure:13471: result: GNU/Linux ld.so
configure:13578: checking how to hardcode library paths into programs
configure:13603: result: immediate
configure:14143: checking whether stripping libraries is possible
configure:14148: result: yes
configure:14183: checking if libtool supports shared libraries
configure:14185: result: yes
configure:14188: checking whether to build shared libraries
configure:14209: result: yes
configure:14212: checking whether to build static libraries
configure:14216: result: yes
configure:14385: creating ./config.status

## ---------------------- ##
## Running config.status. ##
## ---------------------- ##

This file was extended by linnya config.status 1.9.6, which was
generated by GNU Autoconf 2.68.  Invocation command line was

  CONFIG_FILES    = 
  CONFIG_HEADERS  = 
  CONFIG_LINKS    = 
  CONFIG_COMMANDS = 
  $ ./config.status 

on E

config.status:1157: creating Makefile
config.status:1157: creating po/Makefile.in
config.status:1157: creating src/Makefile
config.status:1157: creating src/cox/Makefile
config.status:1157: creating src/uix/Makefile
config.status:1157: creating src/pix/Makefile
config.status:1157: creating src/pix/inf/Makefile
config.status:1157: creating src/pix/opc/Makefile
config.status:1157: creating src/pix/lrc/Makefile
config.status:1157: creating src/pix/dnc/Makefile
config.status:1157: creating data/Makefile
config.status:1157: creating data/icon/Makefile
config.status:1157: creating data/theme/Makefile
config.status:1157: creating data/theme/default/Makefile
config.status:1157: creating data/theme/dark/Makefile
config.status:1157: creating data/theme/dark/sssbg/Makefile
config.status:1157: creating data/theme/dark/gtk-3.0/Makefile
config.status:1157: creating data/theme/dark/gtk-3.0/linnya_img/Makefile
config.status:1157: creating config.h
config.status:1386: executing depfiles commands
config.status:1386: executing po-directories commands
config.status:1386: executing libtool commands

## ---------------- ##
## Cache variables. ##
## ---------------- ##

ac_cv_build=i686-pc-linux-gnu
ac_cv_c_compiler_gnu=yes
ac_cv_env_CC_set=
ac_cv_env_CC_value=
ac_cv_env_CFLAGS_set=
ac_cv_env_CFLAGS_value=
ac_cv_env_CPPFLAGS_set=
ac_cv_env_CPPFLAGS_value=
ac_cv_env_CPP_set=
ac_cv_env_CPP_value=
ac_cv_env_CURL_CFLAGS_set=
ac_cv_env_CURL_CFLAGS_value=
ac_cv_env_CURL_LIBS_set=
ac_cv_env_CURL_LIBS_value=
ac_cv_env_GSTREAMER_CFLAGS_set=
ac_cv_env_GSTREAMER_CFLAGS_value=
ac_cv_env_GSTREAMER_LIBS_set=
ac_cv_env_GSTREAMER_LIBS_value=
ac_cv_env_GTK3_CFLAGS_set=
ac_cv_env_GTK3_CFLAGS_value=
ac_cv_env_GTK3_LIBS_set=
ac_cv_env_GTK3_LIBS_value=
ac_cv_env_LDFLAGS_set=
ac_cv_env_LDFLAGS_value=
ac_cv_env_LIBS_set=
ac_cv_env_LIBS_value=
ac_cv_env_PKG_CONFIG_LIBDIR_set=
ac_cv_env_PKG_CONFIG_LIBDIR_value=
ac_cv_env_PKG_CONFIG_PATH_set=
ac_cv_env_PKG_CONFIG_PATH_value=
ac_cv_env_PKG_CONFIG_set=
ac_cv_env_PKG_CONFIG_value=
ac_cv_env_SQLITE3_CFLAGS_set=
ac_cv_env_SQLITE3_CFLAGS_value=
ac_cv_env_SQLITE3_LIBS_set=
ac_cv_env_SQLITE3_LIBS_value=
ac_cv_env_build_alias_set=
ac_cv_env_build_alias_value=
ac_cv_env_host_alias_set=
ac_cv_env_host_alias_value=
ac_cv_env_target_alias_set=
ac_cv_env_target_alias_value=
ac_cv_func_alloca_works=yes
ac_cv_func_malloc_0_nonnull=yes
ac_cv_header_dlfcn_h=yes
ac_cv_header_inttypes_h=yes
ac_cv_header_libintl_h=yes
ac_cv_header_locale_h=yes
ac_cv_header_memory_h=yes
ac_cv_header_stdc=yes
ac_cv_header_stdint_h=yes
ac_cv_header_stdlib_h=yes
ac_cv_header_string_h=yes
ac_cv_header_strings_h=yes
ac_cv_header_sys_stat_h=yes
ac_cv_header_sys_types_h=yes
ac_cv_header_unistd_h=yes
ac_cv_host=i686-pc-linux-gnu
ac_cv_member_struct_stat_st_blksize=yes
ac_cv_objext=o
ac_cv_path_EGREP='/bin/grep -E'
ac_cv_path_FGREP='/bin/grep -F'
ac_cv_path_GMSGFMT=/usr/bin/msgfmt
ac_cv_path_GREP=/bin/grep
ac_cv_path_MSGFMT=/usr/bin/msgfmt
ac_cv_path_MSGMERGE=/usr/bin/msgmerge
ac_cv_path_SED=/bin/sed
ac_cv_path_XGETTEXT=/usr/bin/xgettext
ac_cv_path_ac_pt_PKG_CONFIG=/usr/bin/pkg-config
ac_cv_path_install='/usr/bin/install -c'
ac_cv_path_mkdir=/bin/mkdir
ac_cv_prog_AWK=gawk
ac_cv_prog_CPP='gcc -E'
ac_cv_prog_ac_ct_AR=ar
ac_cv_prog_ac_ct_CC=gcc
ac_cv_prog_ac_ct_OBJDUMP=objdump
ac_cv_prog_ac_ct_RANLIB=ranlib
ac_cv_prog_ac_ct_STRIP=strip
ac_cv_prog_cc_c89=
ac_cv_prog_cc_g=yes
ac_cv_prog_make_make_set=yes
ac_cv_search_strerror='none required'
ac_cv_type_size_t=yes
ac_cv_working_alloca_h=yes
acl_cv_hardcode_direct=no
acl_cv_hardcode_libdir_flag_spec='${wl}-rpath ${wl}$libdir'
acl_cv_hardcode_libdir_separator=
acl_cv_hardcode_minus_L=no
acl_cv_libext=a
acl_cv_libname_spec='lib$name'
acl_cv_library_names_spec='$libname$shrext'
acl_cv_path_LD=/usr/bin/ld
acl_cv_prog_gnu_ld=yes
acl_cv_rpath=done
acl_cv_shlibext=so
acl_cv_wl=-Wl,
am_cv_CC_dependencies_compiler_type=gcc3
gt_cv_func_CFLocaleCopyCurrent=no
gt_cv_func_CFPreferencesCopyAppValue=no
gt_cv_func_gnugettext1_libc=yes
lt_cv_ar_at_file=@
lt_cv_archive_cmds_need_lc=no
lt_cv_deplibs_check_method=pass_all
lt_cv_file_magic_cmd='$MAGIC_CMD'
lt_cv_file_magic_test_file=
lt_cv_ld_reload_flag=-r
lt_cv_nm_interface='BSD nm'
lt_cv_objdir=.libs
lt_cv_path_LD=/usr/bin/ld
lt_cv_path_NM='/usr/bin/nm -B'
lt_cv_path_mainfest_tool=no
lt_cv_prog_compiler_c_o=yes
lt_cv_prog_compiler_pic='-fPIC -DPIC'
lt_cv_prog_compiler_pic_works=yes
lt_cv_prog_compiler_rtti_exceptions=no
lt_cv_prog_compiler_static_works=no
lt_cv_prog_gnu_ld=yes
lt_cv_sharedlib_from_linklib_cmd='printf %s\n'
lt_cv_shlibpath_overrides_runpath=no
lt_cv_sys_global_symbol_pipe='sed -n -e '\''s/^.*[	 ]\([ABCDGIRSTW][ABCDGIRSTW]*\)[	 ][	 ]*\([_A-Za-z][_A-Za-z0-9]*\)$/\1 \2 \2/p'\'' | sed '\''/ __gnu_lto/d'\'''
lt_cv_sys_global_symbol_to_c_name_address='sed -n -e '\''s/^: \([^ ]*\)[ ]*$/  {\"\1\", (void *) 0},/p'\'' -e '\''s/^[ABCDGIRSTW]* \([^ ]*\) \([^ ]*\)$/  {"\2", (void *) \&\2},/p'\'''
lt_cv_sys_global_symbol_to_c_name_address_lib_prefix='sed -n -e '\''s/^: \([^ ]*\)[ ]*$/  {\"\1\", (void *) 0},/p'\'' -e '\''s/^[ABCDGIRSTW]* \([^ ]*\) \(lib[^ ]*\)$/  {"\2", (void *) \&\2},/p'\'' -e '\''s/^[ABCDGIRSTW]* \([^ ]*\) \([^ ]*\)$/  {"lib\2", (void *) \&\2},/p'\'''
lt_cv_sys_global_symbol_to_cdecl='sed -n -e '\''s/^T .* \(.*\)$/extern int \1();/p'\'' -e '\''s/^[ABCDGIRSTW]* .* \(.*\)$/extern char \1;/p'\'''
lt_cv_sys_max_cmd_len=1572864
lt_cv_to_host_file_cmd=func_convert_file_noop
lt_cv_to_tool_file_cmd=func_convert_file_noop
pkg_cv_CURL_CFLAGS=' '
pkg_cv_CURL_LIBS='-lcurl  '
pkg_cv_GSTREAMER_CFLAGS='-pthread -I/usr/include/gstreamer-0.10 -I/usr/include/glib-2.0 -I/usr/lib/glib-2.0/include -I/usr/include/libxml2  '
pkg_cv_GSTREAMER_LIBS='-pthread -lgstbase-0.10 -lgstreamer-0.10 -lgobject-2.0 -lgmodule-2.0 -lxml2 -lgthread-2.0 -lrt -lglib-2.0  '
pkg_cv_GTK3_CFLAGS='-DGSEAL_ENABLE -pthread -I/usr/include/gtk-3.0 -I/usr/include/atk-1.0 -I/usr/include/cairo -I/usr/include/gdk-pixbuf-2.0 -I/usr/include/pango-1.0 -I/usr/include/glib-2.0 -I/usr/lib/glib-2.0/include -I/usr/include/pixman-1 -I/usr/include/freetype2 -I/usr/include/libpng12  '
pkg_cv_GTK3_LIBS='-pthread -lgtk-3 -lgdk-3 -latk-1.0 -lgio-2.0 -lpangoft2-1.0 -lpangocairo-1.0 -lgdk_pixbuf-2.0 -lcairo-gobject -lcairo -lpango-1.0 -lfreetype -lfontconfig -lgobject-2.0 -lgmodule-2.0 -lgthread-2.0 -lrt -lglib-2.0  '
pkg_cv_SQLITE3_CFLAGS=' '
pkg_cv_SQLITE3_LIBS='-lsqlite3  '

## ----------------- ##
## Output variables. ##
## ----------------- ##

ACLOCAL='${SHELL} /home/Edward/linnya/missing --run aclocal-1.11'
ALLOCA=''
AMDEPBACKSLASH='\'
AMDEP_FALSE='#'
AMDEP_TRUE=''
AMTAR='${SHELL} /home/Edward/linnya/missing --run tar'
AR='ar'
AUTOCONF='${SHELL} /home/Edward/linnya/missing --run autoconf'
AUTOHEADER='${SHELL} /home/Edward/linnya/missing --run autoheader'
AUTOMAKE='${SHELL} /home/Edward/linnya/missing --run automake-1.11'
AWK='gawk'
CC='gcc'
CCDEPMODE='depmode=gcc3'
CFLAGS='-g -O2 -DINSTALL_PATH=\"${datarootdir}/linnya/\"'
CPP='gcc -E'
CPPFLAGS=''
CURL_CFLAGS=' '
CURL_LIBS='-lcurl  '
CYGPATH_W='echo'
DEFS='-DHAVE_CONFIG_H'
DEPDIR='.deps'
DLLTOOL='false'
DSYMUTIL=''
DUMPBIN=''
ECHO_C=''
ECHO_N='-n'
ECHO_T=''
EGREP='/bin/grep -E'
EXEEXT=''
FGREP='/bin/grep -F'
GETTEXT_MACRO_VERSION='0.18'
GMSGFMT='/usr/bin/msgfmt'
GMSGFMT_015='/usr/bin/msgfmt'
GREP='/bin/grep'
GSTREAMER_CFLAGS='-pthread -I/usr/include/gstreamer-0.10 -I/usr/include/glib-2.0 -I/usr/lib/glib-2.0/include -I/usr/include/libxml2  '
GSTREAMER_LIBS='-pthread -lgstbase-0.10 -lgstreamer-0.10 -lgobject-2.0 -lgmodule-2.0 -lxml2 -lgthread-2.0 -lrt -lglib-2.0  '
GTK3_CFLAGS='-DGSEAL_ENABLE -pthread -I/usr/include/gtk-3.0 -I/usr/include/atk-1.0 -I/usr/include/cairo -I/usr/include/gdk-pixbuf-2.0 -I/usr/include/pango-1.0 -I/usr/include/glib-2.0 -I/usr/lib/glib-2.0/include -I/usr/include/pixman-1 -I/usr/include/freetype2 -I/usr/include/libpng12  '
GTK3_LIBS='-pthread -lgtk-3 -lgdk-3 -latk-1.0 -lgio-2.0 -lpangoft2-1.0 -lpangocairo-1.0 -lgdk_pixbuf-2.0 -lcairo-gobject -lcairo -lpango-1.0 -lfreetype -lfontconfig -lgobject-2.0 -lgmodule-2.0 -lgthread-2.0 -lrt -lglib-2.0  '
INSTALL_DATA='${INSTALL} -m 644'
INSTALL_PROGRAM='${INSTALL}'
INSTALL_SCRIPT='${INSTALL}'
INSTALL_STRIP_PROGRAM='$(install_sh) -c -s'
INTLLIBS=''
INTL_MACOSX_LIBS=''
LD='/usr/bin/ld'
LDFLAGS=''
LIBICONV='-liconv'
LIBINTL=''
LIBOBJS=''
LIBS=''
LIBTOOL='$(SHELL) $(top_builddir)/libtool'
LIPO=''
LN_S='ln -s'
LTLIBICONV='-liconv'
LTLIBINTL=''
LTLIBOBJS=''
MAKEINFO='${SHELL} /home/Edward/linnya/missing --run makeinfo'
MANIFEST_TOOL=':'
MKDIR_P='/bin/mkdir -p'
MSGFMT='/usr/bin/msgfmt'
MSGFMT_015='/usr/bin/msgfmt'
MSGMERGE='/usr/bin/msgmerge'
NM='/usr/bin/nm -B'
NMEDIT=''
OBJDUMP='objdump'
OBJEXT='o'
OTOOL64=''
OTOOL=''
PACKAGE='linnya'
PACKAGE_BUGREPORT='http://www.linnya.org'
PACKAGE_NAME='linnya'
PACKAGE_STRING='linnya 1.9.6'
PACKAGE_TARNAME='linnya'
PACKAGE_URL=''
PACKAGE_VERSION='1.9.6'
PATH_SEPARATOR=':'
PKG_CONFIG='/usr/bin/pkg-config'
PKG_CONFIG_LIBDIR=''
PKG_CONFIG_PATH=''
POSUB='po'
RANLIB='ranlib'
SED='/bin/sed'
SET_MAKE=''
SHELL='/bin/sh'
SQLITE3_CFLAGS=' '
SQLITE3_LIBS='-lsqlite3  '
STRIP='strip'
USE_NLS='yes'
VERSION='1.9.6'
XGETTEXT='/usr/bin/xgettext'
XGETTEXT_015='/usr/bin/xgettext'
XGETTEXT_EXTRA_OPTIONS=''
ac_ct_AR='ar'
ac_ct_CC='gcc'
ac_ct_DUMPBIN=''
am__EXEEXT_FALSE=''
am__EXEEXT_TRUE='#'
am__fastdepCC_FALSE='#'
am__fastdepCC_TRUE=''
am__include='include'
am__isrc=''
am__leading_dot='.'
am__quote=''
am__tar='${AMTAR} chof - "$$tardir"'
am__untar='${AMTAR} xf -'
bindir='${exec_prefix}/bin'
build='i686-pc-linux-gnu'
build_alias=''
build_cpu='i686'
build_os='linux-gnu'
build_vendor='pc'
datadir='${datarootdir}'
datarootdir='${prefix}/share'
docdir='${datarootdir}/doc/${PACKAGE_TARNAME}'
dvidir='${docdir}'
exec_prefix='${prefix}'
host='i686-pc-linux-gnu'
host_alias=''
host_cpu='i686'
host_os='linux-gnu'
host_vendor='pc'
htmldir='${docdir}'
includedir='${prefix}/include'
infodir='${datarootdir}/info'
install_sh='${SHELL} /home/Edward/linnya/install-sh'
libdir='${exec_prefix}/lib'
libexecdir='${exec_prefix}/libexec'
localedir='${datarootdir}/locale'
localstatedir='${prefix}/var'
mandir='${datarootdir}/man'
mkdir_p='/bin/mkdir -p'
oldincludedir='/usr/include'
pdfdir='${docdir}'
prefix='/usr'
program_transform_name='s,x,x,'
psdir='${docdir}'
sbindir='${exec_prefix}/sbin'
sharedstatedir='${prefix}/com'
sysconfdir='${prefix}/etc'
target_alias=''

## ----------- ##
## confdefs.h. ##
## ----------- ##

/* confdefs.h */
#define PACKAGE_NAME "linnya"
#define PACKAGE_TARNAME "linnya"
#define PACKAGE_VERSION "1.9.6"
#define PACKAGE_STRING "linnya 1.9.6"
#define PACKAGE_BUGREPORT "http://www.linnya.org"
#define PACKAGE_URL ""
#define PACKAGE "linnya"
#define VERSION "1.9.6"
#define STDC_HEADERS 1
#define HAVE_SYS_TYPES_H 1
#define HAVE_SYS_STAT_H 1
#define HAVE_STDLIB_H 1
#define HAVE_STRING_H 1
#define HAVE_MEMORY_H 1
#define HAVE_STRINGS_H 1
#define HAVE_INTTYPES_H 1
#define HAVE_STDINT_H 1
#define HAVE_UNISTD_H 1
#define HAVE_LIBINTL_H 1
#define HAVE_LOCALE_H 1
#define HAVE_STDLIB_H 1
#define HAVE_STRING_H 1
#define HAVE_UNISTD_H 1
#define HAVE_ALLOCA_H 1
#define HAVE_ALLOCA 1
#define HAVE_STDLIB_H 1
#define HAVE_MALLOC 1
#define ENABLE_NLS 1
#define HAVE_GETTEXT 1
#define HAVE_DCGETTEXT 1
#define HAVE_STRUCT_STAT_ST_BLKSIZE 1
#define HAVE_ST_BLKSIZE 1
#define HAVE_DLFCN_H 1
#define LT_OBJDIR ".libs/"

configure: exit 0

## ---------------------- ##
## Running config.status. ##
## ---------------------- ##

This file was extended by linnya config.status 1.9.6, which was
generated by GNU Autoconf 2.68.  Invocation command line was

  CONFIG_FILES    = 
  CONFIG_HEADERS  = 
  CONFIG_LINKS    = 
  CONFIG_COMMANDS = 
  $ ./config.status config.h

on E

config.status:1157: creating config.h
config.status:1338: config.h is unchanged
